<?xml version="1.0" encoding="UTF-8"?>
<!-- Generated by org.testng.reporters.JUnitReportReporter -->
<testsuite hostname="Nsv-2o" failures="0" tests="1" name="APItestingUsingExternalJSONfile" time="1.226" errors="0" timestamp="2024-06-30T18:46:58 IST" skipped="0">
  <testcase classname="APItestingUsingExternalJSONfile" name="addBookUsingExternalJSONfile" time="1.226"/>
</testsuite> <!-- APItestingUsingExternalJSONfile -->
