<?xml version="1.0" encoding="UTF-8"?>
<!-- Generated by org.testng.reporters.JUnitReportReporter -->
<testsuite hostname="Nsv-2o" failures="0" tests="3" name="DynamicJson" time="1.903" errors="0" timestamp="2024-06-30T18:18:24 IST" skipped="0">
  <testcase classname="DynamicJson" name="addBook" time="0.100"/>
  <testcase classname="DynamicJson" name="addBook" time="0.101"/>
  <testcase classname="DynamicJson" name="addBook" time="1.702"/>
</testsuite> <!-- DynamicJson -->
